[LOG] System::create                           : Header version = 2.02.07. Current version = 2.02.07.
[LOG] Manager::init                            : maxchannels = 256 studioflags = 00000006 flags 00000000 extradriverdata 0000000000000000.
[LOG] SystemI::init                            : Initialize version=20207 (125130), maxchannels=256, flags=0x00020000
[LOG] SystemI::setOutputInternal               : Setting output to 'FMOD WASAPI Output'
[LOG] OutputWASAPI::init                       : Mix Format (WAVEFORMATEX): wFormatTag=0xFFFE, nChannels=2, nSamplesPerSec=48000, nAvgBytesPerSec=384000, nBlockAlign=8, wBitsPerSample=32, cbSize=22.
[LOG] OutputWASAPI::init                       : Mix Format (WAVEFORMATEXTENSIBLE): wValidBitsPerSample=32, dwChannelMask=0x00000003, SubFormat=00000003-0000-0010-8000-00AA00389B71.
[LOG] OutputWASAPI::init                       : Output buffer size: 4096 samples, latency: 0.00ms, period: 10.00ms, DSP buffer: 1024 * 4
[LOG] Thread::initThread                       : Init FMOD stream thread. Affinity: 0x4000000000000003, Priority: 0xFFFF7FFB, Stack Size: 98304, Semaphore: No, Sleep Time: 10, Looping: Yes.
[LOG] Thread::initThread                       : Init FMOD mixer thread. Affinity: 0x4000000000000001, Priority: 0xFFFF7FFA, Stack Size: 81920, Semaphore: No, Sleep Time: 0, Looping: Yes.
[LOG] AsyncManager::init                       : manager 0000024B4EBCE9F8 isAsync 0 updatePeriod 0.02
[LOG] AsyncManager::init                       : done
[LOG] PlaybackSystem::init                     : 
[LOG] Thread::initThread                       : Init FMOD Studio sample load thread. Affinity: 0x4000000000000003, Priority: 0xFFFF7FFD, Stack Size: 98304, Semaphore: No, Sleep Time: 1, Looping: No.
[LOG] PlaybackSystem::init                     : done
[LOG] Thread::initThread                       : Init FMOD Studio bank load thread. Affinity: 0x4000000000000003, Priority: 0xFFFF7FFD, Stack Size: 98304, Semaphore: No, Sleep Time: 1, Looping: No.
[LOG] Manager::init                            : done.
[LOG] Manager::readBank                        : fileversion = 141, compatVersion = 140 (oldest = 44, newest = 142)
[LOG] Manager::readBank                        : fileversion = 141, compatVersion = 140 (oldest = 44, newest = 142)
[LOG] Manager::readBank                        : fileversion = 141, compatVersion = 140 (oldest = 44, newest = 142)
[LOG] Manager::readBank                        : fileversion = 141, compatVersion = 140 (oldest = 44, newest = 142)
[LOG] PlaybackSystem::acquireMasterBus         : Setting master channel group format to 6
[LOG] SystemI::mixerSuspend                    : Suspending output.
[LOG] SystemI::mixerResume                     : Resuming output.
[LOG] AsyncThread::threadFunc                  : Starting Asynchronous operation on sound 0000024B4EBDC888
[LOG] AsyncThread::threadFunc                  : Finished Asynchronous operation on sound 0000024B4EBDC888
[LOG] SystemI::mixerSuspend                    : Suspending output.
[LOG] SystemI::mixerResume                     : Resuming output.
[LOG] AsyncThread::threadFunc                  : Starting Asynchronous operation on sound 0000024B4EBDC888
[LOG] AsyncThread::threadFunc                  : Finished Asynchronous operation on sound 0000024B4EBDC888
[LOG] SystemI::createSoundInternal             : Create name='', mode=0x02000202
[LOG] SystemI::createSoundInternal             : exinfo->cbsize             = 224
[LOG] SystemI::createSoundInternal             : exinfo->length             = 23197952
[LOG] SystemI::createSoundInternal             : exinfo->fileoffset         = 38624
[LOG] SystemI::createSoundInternal             : exinfo->numsubsounds       = 1
[LOG] SystemI::createSoundInternal             : exinfo->inclusionlist      = 000000C7EAD1F0C8
[LOG] SystemI::createSoundInternal             : exinfo->inclusionlistnum   = 1
[LOG] SystemI::createSoundInternal             : exinfo->suggestedsoundtype = 5
[LOG] SystemI::createSoundInternal             : exinfo->useropen           = 00007FFCF83046D0
[LOG] SystemI::createSoundInternal             : exinfo->userclose          = 00007FFCF83046A0
[LOG] SystemI::createSoundInternal             : exinfo->userread           = 00007FFCF83047A0
[LOG] SystemI::createSoundInternal             : exinfo->userseek           = 00007FFCF8304860
[LOG] SystemI::createSoundInternal             : exinfo->fileuserdata       = 0000024A7603F738
[LOG] SystemI::createSoundInternal             : exinfo->initialseekpostype = 1
[LOG] SystemI::DSPCodecPoolRegister            : register codec pool for pool type 5
[LOG] SystemI::createSoundInternal             : Sample 0/1: name='menu-blip-open', format=5, channels=2, frequency=48000, lengthbytes=3616, lengthpcm=13738, pcmblocksize=0, loopstart=0, loopend=0, mode=0x00000000, channelmask=0x00000000, channelorder=0, peakvolume=0.123993.
[LOG] SystemI::createSoundInternal             : Create name='', mode=0x02000202
[LOG] SystemI::createSoundInternal             : exinfo->cbsize             = 224
[LOG] SystemI::createSoundInternal             : exinfo->length             = 23197952
[LOG] SystemI::createSoundInternal             : exinfo->fileoffset         = 38624
[LOG] SystemI::createSoundInternal             : exinfo->numsubsounds       = 1
[LOG] SystemI::createSoundInternal             : exinfo->inclusionlist      = 000000C7EAD1F0C8
[LOG] SystemI::createSoundInternal             : exinfo->inclusionlistnum   = 1
[LOG] SystemI::createSoundInternal             : exinfo->suggestedsoundtype = 5
[LOG] SystemI::createSoundInternal             : exinfo->useropen           = 00007FFCF83046D0
[LOG] SystemI::createSoundInternal             : exinfo->userclose          = 00007FFCF83046A0
[LOG] SystemI::createSoundInternal             : exinfo->userread           = 00007FFCF83047A0
[LOG] SystemI::createSoundInternal             : exinfo->userseek           = 00007FFCF8304860
[LOG] SystemI::createSoundInternal             : exinfo->fileuserdata       = 0000024A7603F738
[LOG] SystemI::createSoundInternal             : exinfo->initialseekpostype = 1
[LOG] SystemI::DSPCodecPoolRegister            : register codec pool for pool type 5
[LOG] SystemI::createSoundInternal             : Sample 0/1: name='click-2', format=5, channels=2, frequency=48000, lengthbytes=2112, lengthpcm=9424, pcmblocksize=0, loopstart=0, loopend=0, mode=0x00000000, channelmask=0x00000000, channelorder=0, peakvolume=0.207092.
[LOG] SystemI::createSoundInternal             : Create name='', mode=0x02000202
[LOG] SystemI::createSoundInternal             : exinfo->cbsize             = 224
[LOG] SystemI::createSoundInternal             : exinfo->length             = 23197952
[LOG] SystemI::createSoundInternal             : exinfo->fileoffset         = 38624
[LOG] SystemI::createSoundInternal             : exinfo->numsubsounds       = 1
[LOG] SystemI::createSoundInternal             : exinfo->inclusionlist      = 000000C7EAD1F0C8
[LOG] SystemI::createSoundInternal             : exinfo->inclusionlistnum   = 1
[LOG] SystemI::createSoundInternal             : exinfo->suggestedsoundtype = 5
[LOG] SystemI::createSoundInternal             : exinfo->useropen           = 00007FFCF83046D0
[LOG] SystemI::createSoundInternal             : exinfo->userclose          = 00007FFCF83046A0
[LOG] SystemI::createSoundInternal             : exinfo->userread           = 00007FFCF83047A0
[LOG] SystemI::createSoundInternal             : exinfo->userseek           = 00007FFCF8304860
[LOG] SystemI::createSoundInternal             : exinfo->fileuserdata       = 0000024A7603F738
[LOG] SystemI::createSoundInternal             : exinfo->initialseekpostype = 1
[LOG] SystemI::DSPCodecPoolRegister            : register codec pool for pool type 5
[LOG] SystemI::createSoundInternal             : Sample 0/1: name='Click-1', format=5, channels=2, frequency=48000, lengthbytes=1568, lengthpcm=6007, pcmblocksize=0, loopstart=0, loopend=0, mode=0x00000000, channelmask=0x00000000, channelorder=0, peakvolume=0.113098.
[LOG] SystemI::createSound                     : filename = C:/Users/Ashley/Documents/FMOD Studio/space gems/space-gems/Build/Desktop/Gem.bank : mode 02010082
[LOG] SystemI::createSound                     : FMOD_NONBLOCKING specified.  Putting into queue to be opened asynchronously!
[LOG] SystemI::createSound                     : setdata soundi = 0000024B4EBE1B38 : node = 0000024A7C1B74B0
[LOG] SystemI::createSound                     : add node to async list : head = 0000024B61AFAD78.  list count = 0
[LOG] AsyncThread::threadFunc                  : Starting Asynchronous operation on sound 0000024B4EBE1B38
[LOG] SystemI::createSoundInternal             :     Create name='C:/Users/Ashley/Documents/FMOD Studio/space gems/space-gems/Build/Desktop/Gem.bank', mode=0x02010082
[LOG] SystemI::createSoundInternal             :     exinfo->cbsize             = 224
[LOG] SystemI::createSoundInternal             :     exinfo->length             = 23197952
[LOG] SystemI::createSoundInternal             :     exinfo->fileoffset         = 38624
[LOG] SystemI::createSoundInternal             :     exinfo->numsubsounds       = 1
[LOG] SystemI::createSoundInternal             :     exinfo->inclusionlist      = 0000024A7C1B75C0
[LOG] SystemI::createSoundInternal             :     exinfo->inclusionlistnum   = 1
[LOG] SystemI::createSoundInternal             :     exinfo->suggestedsoundtype = 5
[LOG] SystemI::createSoundInternal             :     exinfo->initialseekpostype = 1
[LOG] SystemI::createSoundInternal             :     Stream 0/1: name='1_Darjeeling', format=5, channels=2, frequency=48000, lengthbytes=1445792, lengthpcm=5172244, pcmblocksize=0, loopstart=0, loopend=0, mode=0x00000000, channelmask=0x00000000, channelorder=0, peakvolume=0.987457.
[LOG] AsyncThread::threadFunc                  : Finished Asynchronous operation on sound 0000024B4EBE1B38
[LOG] SoundI::release                          : Kirk Osamayo - Night Time (0000024B4EBDC1C8)
[LOG] SoundI::release                          :     Kirk Osamayo - Night Time (0000024B4E88BBB8)
[LOG] SoundI::release                          :     Kirk Osamayo - Night Time (0000024B4EBDC888)
[LOG] SystemI::createSoundInternal             : Create name='', mode=0x02000202
[LOG] SystemI::createSoundInternal             : exinfo->cbsize             = 224
[LOG] SystemI::createSoundInternal             : exinfo->length             = 23197952
[LOG] SystemI::createSoundInternal             : exinfo->fileoffset         = 38624
[LOG] SystemI::createSoundInternal             : exinfo->numsubsounds       = 1
[LOG] SystemI::createSoundInternal             : exinfo->inclusionlist      = 000000C7EAD1F0C8
[LOG] SystemI::createSoundInternal             : exinfo->inclusionlistnum   = 1
[LOG] SystemI::createSoundInternal             : exinfo->suggestedsoundtype = 5
[LOG] SystemI::createSoundInternal             : exinfo->useropen           = 00007FFCF83046D0
[LOG] SystemI::createSoundInternal             : exinfo->userclose          = 00007FFCF83046A0
[LOG] SystemI::createSoundInternal             : exinfo->userread           = 00007FFCF83047A0
[LOG] SystemI::createSoundInternal             : exinfo->userseek           = 00007FFCF8304860
[LOG] SystemI::createSoundInternal             : exinfo->fileuserdata       = 0000024B84205C68
[LOG] SystemI::createSoundInternal             : exinfo->initialseekpostype = 1
[LOG] SystemI::DSPCodecPoolRegister            : register codec pool for pool type 5
[LOG] SystemI::createSoundInternal             : Sample 0/1: name='swiff', format=5, channels=2, frequency=48000, lengthbytes=1312, lengthpcm=4771, pcmblocksize=0, loopstart=0, loopend=0, mode=0x00000000, channelmask=0x00000000, channelorder=0, peakvolume=0.043549.
[LOG] SystemI::createSoundInternal             : Create name='', mode=0x02000202
[LOG] SystemI::createSoundInternal             : exinfo->cbsize             = 224
[LOG] SystemI::createSoundInternal             : exinfo->length             = 23197952
[LOG] SystemI::createSoundInternal             : exinfo->fileoffset         = 38624
[LOG] SystemI::createSoundInternal             : exinfo->numsubsounds       = 1
[LOG] SystemI::createSoundInternal             : exinfo->inclusionlist      = 000000C7EAD1F0C8
[LOG] SystemI::createSoundInternal             : exinfo->inclusionlistnum   = 1
[LOG] SystemI::createSoundInternal             : exinfo->suggestedsoundtype = 5
[LOG] SystemI::createSoundInternal             : exinfo->useropen           = 00007FFCF83046D0
[LOG] SystemI::createSoundInternal             : exinfo->userclose          = 00007FFCF83046A0
[LOG] SystemI::createSoundInternal             : exinfo->userread           = 00007FFCF83047A0
[LOG] SystemI::createSoundInternal             : exinfo->userseek           = 00007FFCF8304860
[LOG] SystemI::createSoundInternal             : exinfo->fileuserdata       = 0000024B84205C68
[LOG] SystemI::createSoundInternal             : exinfo->initialseekpostype = 1
[LOG] SystemI::DSPCodecPoolRegister            : register codec pool for pool type 5
[LOG] SystemI::createSoundInternal             : Sample 0/1: name='electrobeep(1)', format=5, channels=2, frequency=48000, lengthbytes=4288, lengthpcm=13768, pcmblocksize=0, loopstart=0, loopend=0, mode=0x00000000, channelmask=0x00000000, channelorder=0, peakvolume=0.039063.
[LOG] SystemI::createSoundInternal             : Create name='', mode=0x02000202
[LOG] SystemI::createSoundInternal             : exinfo->cbsize             = 224
[LOG] SystemI::createSoundInternal             : exinfo->length             = 23197952
[LOG] SystemI::createSoundInternal             : exinfo->fileoffset         = 38624
[LOG] SystemI::createSoundInternal             : exinfo->numsubsounds       = 1
[LOG] SystemI::createSoundInternal             : exinfo->inclusionlist      = 000000C7EAD1F0C8
[LOG] SystemI::createSoundInternal             : exinfo->inclusionlistnum   = 1
[LOG] SystemI::createSoundInternal             : exinfo->suggestedsoundtype = 5
[LOG] SystemI::createSoundInternal             : exinfo->useropen           = 00007FFCF83046D0
[LOG] SystemI::createSoundInternal             : exinfo->userclose          = 00007FFCF83046A0
[LOG] SystemI::createSoundInternal             : exinfo->userread           = 00007FFCF83047A0
[LOG] SystemI::createSoundInternal             : exinfo->userseek           = 00007FFCF8304860
[LOG] SystemI::createSoundInternal             : exinfo->fileuserdata       = 0000024B84205C68
[LOG] SystemI::createSoundInternal             : exinfo->initialseekpostype = 1
[LOG] SystemI::DSPCodecPoolRegister            : register codec pool for pool type 5
[LOG] SystemI::createSoundInternal             : Sample 0/1: name='electrobeep', format=5, channels=2, frequency=48000, lengthbytes=5120, lengthpcm=13768, pcmblocksize=0, loopstart=0, loopend=0, mode=0x00000000, channelmask=0x00000000, channelorder=0, peakvolume=0.039978.
[LOG] SystemI::createSoundInternal             : Create name='', mode=0x02000202
[LOG] SystemI::createSoundInternal             : exinfo->cbsize             = 224
[LOG] SystemI::createSoundInternal             : exinfo->length             = 23197952
[LOG] SystemI::createSoundInternal             : exinfo->fileoffset         = 38624
[LOG] SystemI::createSoundInternal             : exinfo->numsubsounds       = 1
[LOG] SystemI::createSoundInternal             : exinfo->inclusionlist      = 000000C7EAD1F0C8
[LOG] SystemI::createSoundInternal             : exinfo->inclusionlistnum   = 1
[LOG] SystemI::createSoundInternal             : exinfo->suggestedsoundtype = 5
[LOG] SystemI::createSoundInternal             : exinfo->useropen           = 00007FFCF83046D0
[LOG] SystemI::createSoundInternal             : exinfo->userclose          = 00007FFCF83046A0
[LOG] SystemI::createSoundInternal             : exinfo->userread           = 00007FFCF83047A0
[LOG] SystemI::createSoundInternal             : exinfo->userseek           = 00007FFCF8304860
[LOG] SystemI::createSoundInternal             : exinfo->fileuserdata       = 0000024B84205C68
[LOG] SystemI::createSoundInternal             : exinfo->initialseekpostype = 1
[LOG] SystemI::DSPCodecPoolRegister            : register codec pool for pool type 5
[LOG] SystemI::createSoundInternal             : Sample 0/1: name='swiff-reverse', format=5, channels=2, frequency=48000, lengthbytes=1344, lengthpcm=4771, pcmblocksize=0, loopstart=0, loopend=0, mode=0x00000000, channelmask=0x00000000, channelorder=0, peakvolume=0.043488.
[LOG] SystemI::createSoundInternal             : Create name='', mode=0x02000202
[LOG] SystemI::createSoundInternal             : exinfo->cbsize             = 224
[LOG] SystemI::createSoundInternal             : exinfo->length             = 23197952
[LOG] SystemI::createSoundInternal             : exinfo->fileoffset         = 38624
[LOG] SystemI::createSoundInternal             : exinfo->numsubsounds       = 1
[LOG] SystemI::createSoundInternal             : exinfo->inclusionlist      = 000000C7EAD1F0C8
[LOG] SystemI::createSoundInternal             : exinfo->inclusionlistnum   = 1
[LOG] SystemI::createSoundInternal             : exinfo->suggestedsoundtype = 5
[LOG] SystemI::createSoundInternal             : exinfo->useropen           = 00007FFCF83046D0
[LOG] SystemI::createSoundInternal             : exinfo->userclose          = 00007FFCF83046A0
[LOG] SystemI::createSoundInternal             : exinfo->userread           = 00007FFCF83047A0
[LOG] SystemI::createSoundInternal             : exinfo->userseek           = 00007FFCF8304860
[LOG] SystemI::createSoundInternal             : exinfo->fileuserdata       = 0000024B84206AD8
[LOG] SystemI::createSoundInternal             : exinfo->initialseekpostype = 1
[LOG] SystemI::DSPCodecPoolRegister            : register codec pool for pool type 5
[LOG] SystemI::createSoundInternal             : Sample 0/1: name='match-f', format=5, channels=2, frequency=48000, lengthbytes=11456, lengthpcm=48000, pcmblocksize=0, loopstart=0, loopend=0, mode=0x00000000, channelmask=0x00000000, channelorder=0, peakvolume=0.205566.
[LOG] SystemI::createSoundInternal             : Create name='', mode=0x02000202
[LOG] SystemI::createSoundInternal             : exinfo->cbsize             = 224
[LOG] SystemI::createSoundInternal             : exinfo->length             = 23197952
[LOG] SystemI::createSoundInternal             : exinfo->fileoffset         = 38624
[LOG] SystemI::createSoundInternal             : exinfo->numsubsounds       = 1
[LOG] SystemI::createSoundInternal             : exinfo->inclusionlist      = 000000C7EAD1F0C8
[LOG] SystemI::createSoundInternal             : exinfo->inclusionlistnum   = 1
[LOG] SystemI::createSoundInternal             : exinfo->suggestedsoundtype = 5
[LOG] SystemI::createSoundInternal             : exinfo->useropen           = 00007FFCF83046D0
[LOG] SystemI::createSoundInternal             : exinfo->userclose          = 00007FFCF83046A0
[LOG] SystemI::createSoundInternal             : exinfo->userread           = 00007FFCF83047A0
[LOG] SystemI::createSoundInternal             : exinfo->userseek           = 00007FFCF8304860
[LOG] SystemI::createSoundInternal             : exinfo->fileuserdata       = 0000024B84206AD8
[LOG] SystemI::createSoundInternal             : exinfo->initialseekpostype = 1
[LOG] SystemI::DSPCodecPoolRegister            : register codec pool for pool type 5
[LOG] SystemI::createSoundInternal             : Sample 0/1: name='match-main', format=5, channels=2, frequency=48000, lengthbytes=16576, lengthpcm=81750, pcmblocksize=0, loopstart=0, loopend=0, mode=0x00000000, channelmask=0x00000000, channelorder=0, peakvolume=0.263245.
[LOG] SystemI::createSoundInternal             : Create name='', mode=0x02000202
[LOG] SystemI::createSoundInternal             : exinfo->cbsize             = 224
[LOG] SystemI::createSoundInternal             : exinfo->length             = 23197952
[LOG] SystemI::createSoundInternal             : exinfo->fileoffset         = 38624
[LOG] SystemI::createSoundInternal             : exinfo->numsubsounds       = 1
[LOG] SystemI::createSoundInternal             : exinfo->inclusionlist      = 000000C7EAD1F0C8
[LOG] SystemI::createSoundInternal             : exinfo->inclusionlistnum   = 1
[LOG] SystemI::createSoundInternal             : exinfo->suggestedsoundtype = 5
[LOG] SystemI::createSoundInternal             : exinfo->useropen           = 00007FFCF83046D0
[LOG] SystemI::createSoundInternal             : exinfo->userclose          = 00007FFCF83046A0
[LOG] SystemI::createSoundInternal             : exinfo->userread           = 00007FFCF83047A0
[LOG] SystemI::createSoundInternal             : exinfo->userseek           = 00007FFCF8304860
[LOG] SystemI::createSoundInternal             : exinfo->fileuserdata       = 0000024B84206AD8
[LOG] SystemI::createSoundInternal             : exinfo->initialseekpostype = 1
[LOG] SystemI::DSPCodecPoolRegister            : register codec pool for pool type 5
[LOG] SystemI::createSoundInternal             : Sample 0/1: name='match-d', format=5, channels=2, frequency=48000, lengthbytes=10752, lengthpcm=48000, pcmblocksize=0, loopstart=0, loopend=0, mode=0x00000000, channelmask=0x00000000, channelorder=0, peakvolume=0.211090.
[LOG] SystemI::createSoundInternal             : Create name='', mode=0x02000202
[LOG] SystemI::createSoundInternal             : exinfo->cbsize             = 224
[LOG] SystemI::createSoundInternal             : exinfo->length             = 23197952
[LOG] SystemI::createSoundInternal             : exinfo->fileoffset         = 38624
[LOG] SystemI::createSoundInternal             : exinfo->numsubsounds       = 1
[LOG] SystemI::createSoundInternal             : exinfo->inclusionlist      = 000000C7EAD1F0C8
[LOG] SystemI::createSoundInternal             : exinfo->inclusionlistnum   = 1
[LOG] SystemI::createSoundInternal             : exinfo->suggestedsoundtype = 5
[LOG] SystemI::createSoundInternal             : exinfo->useropen           = 00007FFCF83046D0
[LOG] SystemI::createSoundInternal             : exinfo->userclose          = 00007FFCF83046A0
[LOG] SystemI::createSoundInternal             : exinfo->userread           = 00007FFCF83047A0
[LOG] SystemI::createSoundInternal             : exinfo->userseek           = 00007FFCF8304860
[LOG] SystemI::createSoundInternal             : exinfo->fileuserdata       = 0000024B84206AD8
[LOG] SystemI::createSoundInternal             : exinfo->initialseekpostype = 1
[LOG] SystemI::DSPCodecPoolRegister            : register codec pool for pool type 5
[LOG] SystemI::createSoundInternal             : Sample 0/1: name='match-c', format=5, channels=2, frequency=48000, lengthbytes=10976, lengthpcm=48000, pcmblocksize=0, loopstart=0, loopend=0, mode=0x00000000, channelmask=0x00000000, channelorder=0, peakvolume=0.206451.
[LOG] SystemI::createSoundInternal             : Create name='', mode=0x02000202
[LOG] SystemI::createSoundInternal             : exinfo->cbsize             = 224
[LOG] SystemI::createSoundInternal             : exinfo->length             = 23197952
[LOG] SystemI::createSoundInternal             : exinfo->fileoffset         = 38624
[LOG] SystemI::createSoundInternal             : exinfo->numsubsounds       = 1
[LOG] SystemI::createSoundInternal             : exinfo->inclusionlist      = 000000C7EAD1F0C8
[LOG] SystemI::createSoundInternal             : exinfo->inclusionlistnum   = 1
[LOG] SystemI::createSoundInternal             : exinfo->suggestedsoundtype = 5
[LOG] SystemI::createSoundInternal             : exinfo->useropen           = 00007FFCF83046D0
[LOG] SystemI::createSoundInternal             : exinfo->userclose          = 00007FFCF83046A0
[LOG] SystemI::createSoundInternal             : exinfo->userread           = 00007FFCF83047A0
[LOG] SystemI::createSoundInternal             : exinfo->userseek           = 00007FFCF8304860
[LOG] SystemI::createSoundInternal             : exinfo->fileuserdata       = 0000024B84206AD8
[LOG] SystemI::createSoundInternal             : exinfo->initialseekpostype = 1
[LOG] SystemI::DSPCodecPoolRegister            : register codec pool for pool type 5
[LOG] SystemI::createSoundInternal             : Sample 0/1: name='match-e', format=5, channels=2, frequency=48000, lengthbytes=10496, lengthpcm=48000, pcmblocksize=0, loopstart=0, loopend=0, mode=0x00000000, channelmask=0x00000000, channelorder=0, peakvolume=0.212067.
[LOG] SystemI::createSoundInternal             : Create name='', mode=0x02000202
[LOG] SystemI::createSoundInternal             : exinfo->cbsize             = 224
[LOG] SystemI::createSoundInternal             : exinfo->length             = 23197952
[LOG] SystemI::createSoundInternal             : exinfo->fileoffset         = 38624
[LOG] SystemI::createSoundInternal             : exinfo->numsubsounds       = 1
[LOG] SystemI::createSoundInternal             : exinfo->inclusionlist      = 000000C7EAD1F0C8
[LOG] SystemI::createSoundInternal             : exinfo->inclusionlistnum   = 1
[LOG] SystemI::createSoundInternal             : exinfo->suggestedsoundtype = 5
[LOG] SystemI::createSoundInternal             : exinfo->useropen           = 00007FFCF83046D0
[LOG] SystemI::createSoundInternal             : exinfo->userclose          = 00007FFCF83046A0
[LOG] SystemI::createSoundInternal             : exinfo->userread           = 00007FFCF83047A0
[LOG] SystemI::createSoundInternal             : exinfo->userseek           = 00007FFCF8304860
[LOG] SystemI::createSoundInternal             : exinfo->fileuserdata       = 0000024B84206AD8
[LOG] SystemI::createSoundInternal             : exinfo->initialseekpostype = 1
[LOG] SystemI::DSPCodecPoolRegister            : register codec pool for pool type 5
[LOG] SystemI::createSoundInternal             : Sample 0/1: name='match-g', format=5, channels=2, frequency=48000, lengthbytes=11040, lengthpcm=48000, pcmblocksize=0, loopstart=0, loopend=0, mode=0x00000000, channelmask=0x00000000, channelorder=0, peakvolume=0.214752.
[LOG] SystemI::createSoundInternal             : Create name='', mode=0x02000202
[LOG] SystemI::createSoundInternal             : exinfo->cbsize             = 224
[LOG] SystemI::createSoundInternal             : exinfo->length             = 23197952
[LOG] SystemI::createSoundInternal             : exinfo->fileoffset         = 38624
[LOG] SystemI::createSoundInternal             : exinfo->numsubsounds       = 1
[LOG] SystemI::createSoundInternal             : exinfo->inclusionlist      = 000000C7EAD1F0C8
[LOG] SystemI::createSoundInternal             : exinfo->inclusionlistnum   = 1
[LOG] SystemI::createSoundInternal             : exinfo->suggestedsoundtype = 5
[LOG] SystemI::createSoundInternal             : exinfo->useropen           = 00007FFCF83046D0
[LOG] SystemI::createSoundInternal             : exinfo->userclose          = 00007FFCF83046A0
[LOG] SystemI::createSoundInternal             : exinfo->userread           = 00007FFCF83047A0
[LOG] SystemI::createSoundInternal             : exinfo->userseek           = 00007FFCF8304860
[LOG] SystemI::createSoundInternal             : exinfo->fileuserdata       = 0000024A7603F738
[LOG] SystemI::createSoundInternal             : exinfo->initialseekpostype = 1
[LOG] SystemI::DSPCodecPoolRegister            : register codec pool for pool type 5
[LOG] SystemI::createSoundInternal             : Sample 0/1: name='gem-clink-1', format=5, channels=1, frequency=48000, lengthbytes=1888, lengthpcm=8809, pcmblocksize=0, loopstart=0, loopend=0, mode=0x00000000, channelmask=0x00000000, channelorder=0, peakvolume=0.614349.
[LOG] SystemI::createSoundInternal             : Create name='', mode=0x02000202
[LOG] SystemI::createSoundInternal             : exinfo->cbsize             = 224
[LOG] SystemI::createSoundInternal             : exinfo->length             = 23197952
[LOG] SystemI::createSoundInternal             : exinfo->fileoffset         = 38624
[LOG] SystemI::createSoundInternal             : exinfo->numsubsounds       = 1
[LOG] SystemI::createSoundInternal             : exinfo->inclusionlist      = 000000C7EAD1F0C8
[LOG] SystemI::createSoundInternal             : exinfo->inclusionlistnum   = 1
[LOG] SystemI::createSoundInternal             : exinfo->suggestedsoundtype = 5
[LOG] SystemI::createSoundInternal             : exinfo->useropen           = 00007FFCF83046D0
[LOG] SystemI::createSoundInternal             : exinfo->userclose          = 00007FFCF83046A0
[LOG] SystemI::createSoundInternal             : exinfo->userread           = 00007FFCF83047A0
[LOG] SystemI::createSoundInternal             : exinfo->userseek           = 00007FFCF8304860
[LOG] SystemI::createSoundInternal             : exinfo->fileuserdata       = 0000024A7603F738
[LOG] SystemI::createSoundInternal             : exinfo->initialseekpostype = 1
[LOG] SystemI::DSPCodecPoolRegister            : register codec pool for pool type 5
[LOG] SystemI::createSoundInternal             : Sample 0/1: name='gem-clink-2', format=5, channels=1, frequency=48000, lengthbytes=2240, lengthpcm=9492, pcmblocksize=0, loopstart=0, loopend=0, mode=0x00000000, channelmask=0x00000000, channelorder=0, peakvolume=0.602112.
[LOG] SystemI::createSoundInternal             : Create name='', mode=0x02000202
[LOG] SystemI::createSoundInternal             : exinfo->cbsize             = 224
[LOG] SystemI::createSoundInternal             : exinfo->length             = 23197952
[LOG] SystemI::createSoundInternal             : exinfo->fileoffset         = 38624
[LOG] SystemI::createSoundInternal             : exinfo->numsubsounds       = 1
[LOG] SystemI::createSoundInternal             : exinfo->inclusionlist      = 000000C7EAD1F0C8
[LOG] SystemI::createSoundInternal             : exinfo->inclusionlistnum   = 1
[LOG] SystemI::createSoundInternal             : exinfo->suggestedsoundtype = 5
[LOG] SystemI::createSoundInternal             : exinfo->useropen           = 00007FFCF83046D0
[LOG] SystemI::createSoundInternal             : exinfo->userclose          = 00007FFCF83046A0
[LOG] SystemI::createSoundInternal             : exinfo->userread           = 00007FFCF83047A0
[LOG] SystemI::createSoundInternal             : exinfo->userseek           = 00007FFCF8304860
[LOG] SystemI::createSoundInternal             : exinfo->fileuserdata       = 0000024A7603F738
[LOG] SystemI::createSoundInternal             : exinfo->initialseekpostype = 1
[LOG] SystemI::DSPCodecPoolRegister            : register codec pool for pool type 5
[LOG] SystemI::createSoundInternal             : Sample 0/1: name='gem-clink-3', format=5, channels=1, frequency=48000, lengthbytes=1952, lengthpcm=8654, pcmblocksize=0, loopstart=0, loopend=0, mode=0x00000000, channelmask=0x00000000, channelorder=0, peakvolume=0.608246.
[LOG] SystemI::createSoundInternal             : Create name='', mode=0x02000202
[LOG] SystemI::createSoundInternal             : exinfo->cbsize             = 224
[LOG] SystemI::createSoundInternal             : exinfo->length             = 23197952
[LOG] SystemI::createSoundInternal             : exinfo->fileoffset         = 38624
[LOG] SystemI::createSoundInternal             : exinfo->numsubsounds       = 1
[LOG] SystemI::createSoundInternal             : exinfo->inclusionlist      = 000000C7EAD1F0C8
[LOG] SystemI::createSoundInternal             : exinfo->inclusionlistnum   = 1
[LOG] SystemI::createSoundInternal             : exinfo->suggestedsoundtype = 5
[LOG] SystemI::createSoundInternal             : exinfo->useropen           = 00007FFCF83046D0
[LOG] SystemI::createSoundInternal             : exinfo->userclose          = 00007FFCF83046A0
[LOG] SystemI::createSoundInternal             : exinfo->userread           = 00007FFCF83047A0
[LOG] SystemI::createSoundInternal             : exinfo->userseek           = 00007FFCF8304860
[LOG] SystemI::createSoundInternal             : exinfo->fileuserdata       = 0000024B84206AD8
[LOG] SystemI::createSoundInternal             : exinfo->initialseekpostype = 1
[LOG] SystemI::DSPCodecPoolRegister            : register codec pool for pool type 5
[LOG] SystemI::createSoundInternal             : Sample 0/1: name='explosion', format=5, channels=2, frequency=48000, lengthbytes=28288, lengthpcm=84160, pcmblocksize=0, loopstart=0, loopend=0, mode=0x00000000, channelmask=0x00000000, channelorder=0, peakvolume=0.554047.
[LOG] SoundI::release                          : 1_Darjeeling (0000024B4EBE1B38)
[LOG] SoundI::release                          :     1_Darjeeling (0000024B4E619E68)
[LOG] SoundI::release                          :     1_Darjeeling (0000024B4EBE1E98)
[LOG] SystemI::createSound                     : filename = C:/Users/Ashley/Documents/FMOD Studio/space gems/space-gems/Build/Desktop/Gem.bank : mode 02010082
[LOG] SystemI::createSound                     : FMOD_NONBLOCKING specified.  Putting into queue to be opened asynchronously!
[LOG] SystemI::createSound                     : setdata soundi = 0000024B4EBE1B38 : node = 0000024B29F48330
[LOG] SystemI::createSound                     : add node to async list : head = 0000024B61AFAD78.  list count = 0
[LOG] AsyncThread::threadFunc                  : Starting Asynchronous operation on sound 0000024B4EBE1B38
[LOG] SystemI::createSoundInternal             :     Create name='C:/Users/Ashley/Documents/FMOD Studio/space gems/space-gems/Build/Desktop/Gem.bank', mode=0x02010082
[LOG] SystemI::createSoundInternal             :     exinfo->cbsize             = 224
[LOG] SystemI::createSoundInternal             :     exinfo->length             = 23197952
[LOG] SystemI::createSoundInternal             :     exinfo->fileoffset         = 38624
[LOG] SystemI::createSoundInternal             :     exinfo->numsubsounds       = 1
[LOG] SystemI::createSoundInternal             :     exinfo->inclusionlist      = 0000024B29F48440
[LOG] SystemI::createSoundInternal             :     exinfo->inclusionlistnum   = 1
[LOG] SystemI::createSoundInternal             :     exinfo->suggestedsoundtype = 5
[LOG] SystemI::createSoundInternal             :     exinfo->initialseekpostype = 1
[LOG] SystemI::createSoundInternal             :     Stream 0/1: name='1_Moving_In', format=5, channels=2, frequency=48000, lengthbytes=1791104, lengthpcm=6763415, pcmblocksize=0, loopstart=0, loopend=0, mode=0x00000000, channelmask=0x00000000, channelorder=0, peakvolume=0.903534.
[LOG] AsyncThread::threadFunc                  : Finished Asynchronous operation on sound 0000024B4EBE1B38
[LOG] SoundI::release                          : 1_Moving_In (0000024B4EBE1B38)
[LOG] SoundI::release                          :     1_Moving_In (0000024B4E619988)
[LOG] SoundI::release                          :     1_Moving_In (0000024B4EBE1E98)
[LOG] SoundI::release                          :  (0000024AA5C0B458)
[LOG] SoundI::release                          :     menu-blip-open (0000024A74EC05D8)
[LOG] SoundI::release                          :  (0000024B4E83DFB8)
[LOG] SoundI::release                          :     explosion (0000024AA5A36BE8)
[LOG] SoundI::release                          :  (0000024B4E839D98)
[LOG] SoundI::release                          :     swiff-reverse (0000024A73457A78)
[LOG] SoundI::release                          :  (0000024B4E83A918)
[LOG] SoundI::release                          :     electrobeep (0000024A73457598)
[LOG] SoundI::release                          :  (0000024B4E83C2F8)
[LOG] SoundI::release                          :     electrobeep(1) (0000024A734570B8)
[LOG] SoundI::release                          :  (0000024B4E83A638)
[LOG] SoundI::release                          :     swiff (0000024A73457DB8)
[LOG] SoundI::release                          :  (0000024AA5C0B738)
[LOG] SoundI::release                          :     click-2 (0000024A75F90DF8)
[LOG] SoundI::release                          :  (0000024AA5C0C428)
[LOG] SoundI::release                          :     Click-1 (0000024A75F90438)
[LOG] SoundI::release                          :  (0000024B4E83D438)
[LOG] SoundI::release                          :     gem-clink-1 (0000024A75F90778)
[LOG] SoundI::release                          :  (0000024B4E83D718)
[LOG] SoundI::release                          :     gem-clink-2 (0000024A75F90F98)
[LOG] SoundI::release                          :  (0000024B4E83AED8)
[LOG] SoundI::release                          :     gem-clink-3 (0000024B29EECEC8)
[LOG] SoundI::release                          :  (0000024B4E8397D8)
[LOG] SoundI::release                          :     match-f (0000024B2A89B6E8)
[LOG] SoundI::release                          :  (0000024B4E83CA28)
[LOG] SoundI::release                          :     match-g (0000024AA5A370C8)
[LOG] SoundI::release                          :  (0000024B4E83E858)
[LOG] SoundI::release                          :     match-d (0000024B2A89BD68)
[LOG] SoundI::release                          :  (0000024B4E83CD08)
[LOG] SoundI::release                          :     match-e (0000024AA5A36708)
[LOG] SoundI::release                          :  (0000024B4E83C5D8)
[LOG] SoundI::release                          :     match-main (0000024B2A89BA28)
[LOG] SoundI::release                          :  (0000024B4E83AD68)
[LOG] SoundI::release                          :     match-c (0000024B2A89B548)
[LOG] Thread::callback                         : FMOD Studio update thread finished.
[LOG] Thread::callback                         : FMOD Studio bank load thread finished.
[LOG] Profile::disconnectAll                   : Profiler disconnecting all clients
[LOG] Thread::callback                         : FMOD Studio sample load thread finished.
[LOG] LiveUpdate::release                      : 
[LOG] LiveUpdate::reset                        : Reset connection (reason Disconnected)
[LOG] Thread::callback                         : FMOD stream thread finished.
[LOG] Thread::callback                         : FMOD mixer thread finished.
[LOG] Profile::disconnectAll                   : Profiler disconnecting all clients
[LOG] SystemI::close                           : Closed.
[LOG] Manager::readBank                        : fileversion = 141, compatVersion = 140 (oldest = 44, newest = 142)
[LOG] Manager::readBank                        : fileversion = 141, compatVersion = 140 (oldest = 44, newest = 142)
[LOG] Manager::readBank                        : fileversion = 141, compatVersion = 140 (oldest = 44, newest = 142)
[LOG] Manager::readBank                        : fileversion = 141, compatVersion = 140 (oldest = 44, newest = 142)
[LOG] PlaybackSystem::acquireMasterBus         : Setting master channel group format to 6
[LOG] Manager::readBank                        : fileversion = 141, compatVersion = 140 (oldest = 44, newest = 142)
[LOG] Manager::readBank                        : fileversion = 141, compatVersion = 140 (oldest = 44, newest = 142)
[LOG] Manager::readBank                        : fileversion = 141, compatVersion = 140 (oldest = 44, newest = 142)
[LOG] Manager::readBank                        : fileversion = 141, compatVersion = 140 (oldest = 44, newest = 142)
[LOG] PlaybackSystem::acquireMasterBus         : Setting master channel group format to 6
